<?xml version="1.0" encoding="UTF-8"?>
<testsuite name="HelloWorldTest" tests="1" skipped="0" failures="0" errors="0" timestamp="2025-02-09T12:15:59" hostname="ikuma.local" time="0.011">
  <properties/>
  <testcase name="helloWorldTest" classname="HelloWorldTest" time="0.011"/>
  <system-out><![CDATA[]]></system-out>
  <system-err><![CDATA[]]></system-err>
</testsuite>
