<?xml version="1.0" encoding="UTF-8"?>
<testsuite name="ArmstrongNumberTest" tests="9" skipped="0" failures="0" errors="0" timestamp="2025-02-11T12:45:28" hostname="ikuma.local" time="0.013">
  <properties/>
  <testcase name="seven digit number that is not an armstrong number" classname="ArmstrongNumberTest" time="0.012"/>
  <testcase name="there are no 2 digit armstrong numbers" classname="ArmstrongNumberTest" time="0.0"/>
  <testcase name="four digit number that is not an armstrong number" classname="ArmstrongNumberTest" time="0.0"/>
  <testcase name="single digit numbers are armstrong numbers" classname="ArmstrongNumberTest" time="0.0"/>
  <testcase name="seven digit number that is an armstrong number" classname="ArmstrongNumberTest" time="0.0"/>
  <testcase name="zero is an armstrong number" classname="ArmstrongNumberTest" time="0.001"/>
  <testcase name="three digit number that is not an armstrong number" classname="ArmstrongNumberTest" time="0.0"/>
  <testcase name="three digit number that is an armstrong number" classname="ArmstrongNumberTest" time="0.0"/>
  <testcase name="four digit number that is an armstrong number" classname="ArmstrongNumberTest" time="0.0"/>
  <system-out><![CDATA[]]></system-out>
  <system-err><![CDATA[]]></system-err>
</testsuite>
